app/build/intermediates/manifest_merge_blame_file/debug/manifest-merger-blame-debug-report.txt
1<?xml version="1.0" encoding="utf-8"?>
2<manifest xmlns:android="http://schemas.android.com/apk/res/android"
3    package="org.tensorflow.lite.examples.detection"
4    android:versionCode="1"
5    android:versionName="1.0" >
6
7    <uses-sdk
7-->src\main\AndroidManifest.xml:5:5-17
8        android:minSdkVersion="21"
8-->src\main\AndroidManifest.xml:5:5-17
9        android:targetSdkVersion="29" />
9-->src\main\AndroidManifest.xml:5:5-17
10
11    <uses-permission android:name="android.permission.CAMERA" />
11-->src\main\AndroidManifest.xml:7:5-65
11-->src\main\AndroidManifest.xml:7:22-62
12
13    <uses-feature android:name="android.hardware.camera" />
13-->src\main\AndroidManifest.xml:9:5-60
13-->src\main\AndroidManifest.xml:9:19-57
14    <uses-feature android:name="android.hardware.camera.autofocus" />
14-->src\main\AndroidManifest.xml:10:5-70
14-->src\main\AndroidManifest.xml:10:19-67
15
16    <uses-permission android:name="android.permission.INTERNET" />
16-->[com.google.firebase:firebase-auth:22.0.0] AndroidManifest.xml:25:5-67
16-->[com.google.firebase:firebase-auth:22.0.0] AndroidManifest.xml:25:22-64
17    <uses-permission android:name="android.permission.ACCESS_NETWORK_STATE" />
17-->[com.google.firebase:firebase-auth:22.0.0] AndroidManifest.xml:26:5-79
17-->[com.google.firebase:firebase-auth:22.0.0] AndroidManifest.xml:26:22-76
18
19    <application
19-->src\main\AndroidManifest.xml:12:5-69:19
20        android:allowBackup="false"
20-->src\main\AndroidManifest.xml:13:9-36
21        android:appComponentFactory="androidx.core.app.CoreComponentFactory"
21-->[androidx.core:core:1.2.0] AndroidManifest.xml:24:18-86
22        android:debuggable="true"
23        android:icon="@mipmap/ic_launcher"
23-->src\main\AndroidManifest.xml:14:9-43
24        android:label="@string/app_name"
24-->src\main\AndroidManifest.xml:15:9-41
25        android:roundIcon="@mipmap/ic_launcher_round"
25-->src\main\AndroidManifest.xml:16:9-54
26        android:supportsRtl="true"
26-->src\main\AndroidManifest.xml:17:9-35
27        android:testOnly="true"
28        android:theme="@style/AppTheme.MainContent" >
28-->src\main\AndroidManifest.xml:18:9-52
29        <activity
29-->src\main\AndroidManifest.xml:19:9-21:40
30            android:name="org.nutritionpoint.SignUpPage"
30-->src\main\AndroidManifest.xml:20:13-57
31            android:exported="false" />
31-->src\main\AndroidManifest.xml:21:13-37
32        <activity
32-->src\main\AndroidManifest.xml:22:9-24:40
33            android:name="org.nutritionpoint.LoginPage"
33-->src\main\AndroidManifest.xml:23:13-56
34            android:exported="false" />
34-->src\main\AndroidManifest.xml:24:13-37
35        <activity
35-->src\main\AndroidManifest.xml:25:9-27:63
36            android:name="org.tensorflow.lite.examples.detection.DetectorActivity"
36-->src\main\AndroidManifest.xml:26:13-45
37            android:theme="@style/AppTheme.ObjectDetection" />
37-->src\main\AndroidManifest.xml:27:13-60
38        <activity
38-->src\main\AndroidManifest.xml:28:9-32:59
39            android:name="org.tensorflow.lite.examples.detection.MainActivity"
39-->src\main\AndroidManifest.xml:29:13-41
40            android:label="@string/app_name"
40-->src\main\AndroidManifest.xml:30:13-45
41            android:screenOrientation="portrait"
41-->src\main\AndroidManifest.xml:31:13-49
42            android:theme="@style/AppTheme.MainContent" />
42-->src\main\AndroidManifest.xml:32:13-56
43        <activity
43-->src\main\AndroidManifest.xml:33:9-43:20
44            android:name="org.nutritionpoint.SplashActivity"
44-->src\main\AndroidManifest.xml:34:13-61
45            android:label="@string/app_name"
45-->src\main\AndroidManifest.xml:35:13-45
46            android:screenOrientation="portrait"
46-->src\main\AndroidManifest.xml:36:13-49
47            android:theme="@style/AppTheme.NoActionBar" >
47-->src\main\AndroidManifest.xml:37:13-56
48            <intent-filter>
48-->src\main\AndroidManifest.xml:38:13-42:29
49                <action android:name="android.intent.action.MAIN" />
49-->src\main\AndroidManifest.xml:39:17-69
49-->src\main\AndroidManifest.xml:39:25-66
50
51                <category android:name="android.intent.category.LAUNCHER" />
51-->src\main\AndroidManifest.xml:41:17-77
51-->src\main\AndroidManifest.xml:41:27-74
52            </intent-filter>
53        </activity>
54        <activity
54-->src\main\AndroidManifest.xml:44:9-48:59
55            android:name="org.nutritionpoint.MainActivity"
55-->src\main\AndroidManifest.xml:45:13-59
56            android:label="@string/app_name"
56-->src\main\AndroidManifest.xml:46:13-45
57            android:screenOrientation="portrait"
57-->src\main\AndroidManifest.xml:47:13-49
58            android:theme="@style/AppTheme.NoActionBar" />
58-->src\main\AndroidManifest.xml:48:13-56
59        <activity
59-->src\main\AndroidManifest.xml:49:9-51:58
60            android:name="org.nutritionpoint.RemindersActivity"
60-->src\main\AndroidManifest.xml:50:13-64
61            android:parentActivityName="org.tensorflow.lite.examples.detection.MainActivity" />
61-->src\main\AndroidManifest.xml:51:13-55
62
63        <receiver
63-->src\main\AndroidManifest.xml:53:9-60:20
64            android:name="org.nutritionpoint.AlarmReceiver"
64-->src\main\AndroidManifest.xml:54:13-60
65            android:enabled="true"
65-->src\main\AndroidManifest.xml:55:13-35
66            android:exported="true" >
66-->src\main\AndroidManifest.xml:56:13-36
67            <intent-filter>
67-->src\main\AndroidManifest.xml:57:13-59:29
68                <action android:name="Myaction.action" />
68-->src\main\AndroidManifest.xml:58:17-58
68-->src\main\AndroidManifest.xml:58:25-55
69            </intent-filter>
70        </receiver>
71
72        <activity
72-->src\main\AndroidManifest.xml:62:9-64:58
73            android:name="org.nutritionpoint.ApiActivity"
73-->src\main\AndroidManifest.xml:63:13-58
74            android:parentActivityName="org.tensorflow.lite.examples.detection.MainActivity" />
74-->src\main\AndroidManifest.xml:64:13-55
75
76        <meta-data
76-->src\main\AndroidManifest.xml:66:9-68:57
77            android:name="preloaded_fonts"
77-->src\main\AndroidManifest.xml:67:13-43
78            android:resource="@array/preloaded_fonts" />
78-->src\main\AndroidManifest.xml:68:13-54
79
80        <activity
80-->[com.google.firebase:firebase-auth:22.0.0] AndroidManifest.xml:29:9-46:20
81            android:name="com.google.firebase.auth.internal.GenericIdpActivity"
81-->[com.google.firebase:firebase-auth:22.0.0] AndroidManifest.xml:30:13-80
82            android:excludeFromRecents="true"
82-->[com.google.firebase:firebase-auth:22.0.0] AndroidManifest.xml:31:13-46
83            android:exported="true"
83-->[com.google.firebase:firebase-auth:22.0.0] AndroidManifest.xml:32:13-36
84            android:launchMode="singleTask"
84-->[com.google.firebase:firebase-auth:22.0.0] AndroidManifest.xml:33:13-44
85            android:theme="@android:style/Theme.Translucent.NoTitleBar" >
85-->[com.google.firebase:firebase-auth:22.0.0] AndroidManifest.xml:34:13-72
86            <intent-filter>
86-->[com.google.firebase:firebase-auth:22.0.0] AndroidManifest.xml:35:13-45:29
87                <action android:name="android.intent.action.VIEW" />
87-->[com.google.firebase:firebase-auth:22.0.0] AndroidManifest.xml:36:17-69
87-->[com.google.firebase:firebase-auth:22.0.0] AndroidManifest.xml:36:25-66
88
89                <category android:name="android.intent.category.DEFAULT" />
89-->[com.google.firebase:firebase-auth:22.0.0] AndroidManifest.xml:38:17-76
89-->[com.google.firebase:firebase-auth:22.0.0] AndroidManifest.xml:38:27-73
90                <category android:name="android.intent.category.BROWSABLE" />
90-->[com.google.firebase:firebase-auth:22.0.0] AndroidManifest.xml:39:17-78
90-->[com.google.firebase:firebase-auth:22.0.0] AndroidManifest.xml:39:27-75
91
92                <data
92-->[com.google.firebase:firebase-auth:22.0.0] AndroidManifest.xml:41:17-44:51
93                    android:host="firebase.auth"
93-->[com.google.firebase:firebase-auth:22.0.0] AndroidManifest.xml:42:21-49
94                    android:path="/"
94-->[com.google.firebase:firebase-auth:22.0.0] AndroidManifest.xml:43:21-37
95                    android:scheme="genericidp" />
95-->[com.google.firebase:firebase-auth:22.0.0] AndroidManifest.xml:44:21-48
96            </intent-filter>
97        </activity>
98        <activity
98-->[com.google.firebase:firebase-auth:22.0.0] AndroidManifest.xml:47:9-64:20
99            android:name="com.google.firebase.auth.internal.RecaptchaActivity"
99-->[com.google.firebase:firebase-auth:22.0.0] AndroidManifest.xml:48:13-79
100            android:excludeFromRecents="true"
100-->[com.google.firebase:firebase-auth:22.0.0] AndroidManifest.xml:49:13-46
101            android:exported="true"
101-->[com.google.firebase:firebase-auth:22.0.0] AndroidManifest.xml:50:13-36
102            android:launchMode="singleTask"
102-->[com.google.firebase:firebase-auth:22.0.0] AndroidManifest.xml:51:13-44
103            android:theme="@android:style/Theme.Translucent.NoTitleBar" >
103-->[com.google.firebase:firebase-auth:22.0.0] AndroidManifest.xml:52:13-72
104            <intent-filter>
104-->[com.google.firebase:firebase-auth:22.0.0] AndroidManifest.xml:53:13-63:29
105                <action android:name="android.intent.action.VIEW" />
105-->[com.google.firebase:firebase-auth:22.0.0] AndroidManifest.xml:36:17-69
105-->[com.google.firebase:firebase-auth:22.0.0] AndroidManifest.xml:36:25-66
106
107                <category android:name="android.intent.category.DEFAULT" />
107-->[com.google.firebase:firebase-auth:22.0.0] AndroidManifest.xml:38:17-76
107-->[com.google.firebase:firebase-auth:22.0.0] AndroidManifest.xml:38:27-73
108                <category android:name="android.intent.category.BROWSABLE" />
108-->[com.google.firebase:firebase-auth:22.0.0] AndroidManifest.xml:39:17-78
108-->[com.google.firebase:firebase-auth:22.0.0] AndroidManifest.xml:39:27-75
109
110                <data
110-->[com.google.firebase:firebase-auth:22.0.0] AndroidManifest.xml:41:17-44:51
111                    android:host="firebase.auth"
111-->[com.google.firebase:firebase-auth:22.0.0] AndroidManifest.xml:42:21-49
112                    android:path="/"
112-->[com.google.firebase:firebase-auth:22.0.0] AndroidManifest.xml:43:21-37
113                    android:scheme="recaptcha" />
113-->[com.google.firebase:firebase-auth:22.0.0] AndroidManifest.xml:44:21-48
114            </intent-filter>
115        </activity>
116
117        <service
117-->[com.google.firebase:firebase-auth:22.0.0] AndroidManifest.xml:66:9-72:19
118            android:name="com.google.firebase.components.ComponentDiscoveryService"
118-->[com.google.firebase:firebase-auth:22.0.0] AndroidManifest.xml:67:13-84
119            android:directBootAware="true"
119-->[com.google.firebase:firebase-common:20.3.2] AndroidManifest.xml:34:13-43
120            android:exported="false" >
120-->[com.google.firebase:firebase-auth:22.0.0] AndroidManifest.xml:68:13-37
121            <meta-data
121-->[com.google.firebase:firebase-auth:22.0.0] AndroidManifest.xml:69:13-71:85
122                android:name="com.google.firebase.components:com.google.firebase.auth.FirebaseAuthRegistrar"
122-->[com.google.firebase:firebase-auth:22.0.0] AndroidManifest.xml:70:17-109
123                android:value="com.google.firebase.components.ComponentRegistrar" />
123-->[com.google.firebase:firebase-auth:22.0.0] AndroidManifest.xml:71:17-82
124        </service>
125
126        <provider
126-->[com.google.firebase:firebase-common:20.3.2] AndroidManifest.xml:25:9-30:39
127            android:name="com.google.firebase.provider.FirebaseInitProvider"
127-->[com.google.firebase:firebase-common:20.3.2] AndroidManifest.xml:26:13-77
128            android:authorities="org.tensorflow.lite.examples.detection.firebaseinitprovider"
128-->[com.google.firebase:firebase-common:20.3.2] AndroidManifest.xml:27:13-72
129            android:directBootAware="true"
129-->[com.google.firebase:firebase-common:20.3.2] AndroidManifest.xml:28:13-43
130            android:exported="false"
130-->[com.google.firebase:firebase-common:20.3.2] AndroidManifest.xml:29:13-37
131            android:initOrder="100" />
131-->[com.google.firebase:firebase-common:20.3.2] AndroidManifest.xml:30:13-36
132
133        <activity
133-->[com.google.android.gms:play-services-base:18.0.1] AndroidManifest.xml:20:9-22:45
134            android:name="com.google.android.gms.common.api.GoogleApiActivity"
134-->[com.google.android.gms:play-services-base:18.0.1] AndroidManifest.xml:20:19-85
135            android:exported="false"
135-->[com.google.android.gms:play-services-base:18.0.1] AndroidManifest.xml:22:19-43
136            android:theme="@android:style/Theme.Translucent.NoTitleBar" />
136-->[com.google.android.gms:play-services-base:18.0.1] AndroidManifest.xml:21:19-78
137
138        <meta-data
138-->[com.google.android.gms:play-services-basement:18.1.0] AndroidManifest.xml:21:9-23:69
139            android:name="com.google.android.gms.version"
139-->[com.google.android.gms:play-services-basement:18.1.0] AndroidManifest.xml:22:13-58
140            android:value="@integer/google_play_services_version" />
140-->[com.google.android.gms:play-services-basement:18.1.0] AndroidManifest.xml:23:13-66
141    </application>
142
143</manifest>